6.104889E-4
6.2496826E-4
6.397672E-4
6.5489375E-4
6.703519E-4
6.861487E-4
7.022936E-4
7.187917E-4
7.356478E-4
7.528726E-4
7.7047304E-4
7.884542E-4
8.068263E-4
8.255953E-4
8.447698E-4
8.6435676E-4
8.84366E-4
9.048056E-4
9.256832E-4
9.4700593E-4
9.687846E-4
9.910299E-4
0.0010137458
0.0010369412
0.0010606319
0.0010848215
0.0011095229
0.0011347432
0.0011604929
0.0011867847
0.0012136216
0.0012410242
0.0012689958
0.0012975472
0.0013266987
0.0013564526
0.0013868134
0.0014178066
0.0014494373
0.0014817182
0.0015146611
0.0015482731
0.0015825744
0.0016175709
0.0016532844
0.0016897174
0.001726886
0.0017648053
0.0018034943
0.0018429612
0.0018832124
0.0019242648
0.0019661419
0.0020088556
0.0020524184
0.002096834
0.0021421323
0.0021883296
0.0022354384
0.0022834614
0.0023324345
0.0023823548
0.0024332555
0.002485143
0.0025380356
0.0025919524
0.0026469128
0.0027029286
0.002760011
0.0028181996
0.0028774964
0.0029379209
0.0029995018
0.003062237
0.0031261675
0.003191308
0.0032576742
0.0033252721
0.0033941395
0.0034642909
0.0035357508
0.0036085418
0.0036826793
0.0037581818
0.0038350737
0.0039133877
0.0039931303
0.0040743146
0.004156996
0.0042411694
0.0043268683
0.0044141086
0.004502924
0.0045933425
0.0046853777
0.0047790552
0.0048743873
0.0049714237
0.005070158
0.005170657
0.00527291
0.0053769625
0.005482831
0.0055905487
0.0057001277
0.0058116177
0.005925011
0.0060403966
0.006157733
0.006277078
0.0063984576
0.0065219183
0.0066474425
0.006775089
0.006904922
0.007036902
0.0071711075
0.0073075364
0.007446242
0.0075872303
0.0077305557
0.007876251
0.0080243265
0.008174817
0.008327757
0.008483185
0.008641117
0.008801604
0.008964678
0.009130381
0.009298679
0.00946968
0.0096434
0.009819843
0.009999071
0.010181092
0.010365966
0.010553753
0.0107444
0.010937978
0.011134558
0.011334173
0.011536846
0.011742552
0.011951379
0.012163412
0.012378624
0.012597049
0.012818724
0.01304371
0.013272026
0.01350371
0.013738796
0.013977305
0.014219305
0.014464838
0.01471394
0.014966602
0.015222874
0.015482807
0.015746469
0.016013887
0.016285023
0.016560042
0.016838852
0.017121535
0.01740817
0.017698798
0.017993353
0.018291991
0.01859463
0.01890144
0.019212488
0.01952759
0.019847
0.020170642
0.020498522
0.020830782
0.021167397
0.021508457
0.02185396
0.022203892
0.022558516
0.022917505
0.023281155
0.02364953
0.024022423
0.024400119
0.024782551
0.025169658
0.025561715
0.02595855
0.02636039
0.026766945
0.027178537
0.027595172
0.028016891
0.028443582
0.028875297
0.029312296
0.02975446
0.030201726
0.03065426
0.031112034
0.03157512
0.032043654
0.03251738
0.032996595
0.03348126
0.03397129
0.034466896
0.034967963
0.03547478
0.035986938
0.0365047
0.037028268
0.03755736
0.03809217
0.03863292
0.03917916
0.039731216
0.0402892
0.04085292
0.041422427
0.041998092
0.042579234
0.043166727
0.0437599
0.044359226
0.044964492
0.045575675
0.046192855
0.04681645
0.047445614
0.04808118
0.048722874
0.049370743
0.05002458
0.050684676
0.05135098
0.052023284
0.052701958
0.053386744
0.054077946
0.05477526
0.055478737
0.056188755
0.05690473
0.05762725
0.058356196
0.05909103
0.059832577
0.060580038
0.061333936
0.062094167
0.0628609
0.06363386
0.064412996
0.06519853
0.06599045
0.066788785
0.06759317
0.06840398
0.06922098
0.0700445
0.07087404
0.071710266
0.072552405
0.07340101
0.07425558
0.075116724
0.075983785
0.07685719
0.07773706
0.07862289
0.07951471
0.080412984
0.08131707
0.0822275
0.08314376
0.08406634
0.084994785
0.08592967
0.086869754
0.087816246
0.088768505
0.08972652
0.0906909
0.09166064
0.0926364
0.093617804
0.09460517
0.09559808
0.096596114
0.097600356
0.09860982
0.09962497
0.100645706
0.101671755
0.102703184
0.10373996
0.1047816
0.105829045
0.10688146
0.10793893
0.109001465
0.110069
0.11114169
0.11221897
0.1133012
0.11438806
0.11548002
0.11657617
0.117677346
0.118782744
0.11989303
0.12100693
0.12212538
0.12324834
0.12437503
0.12550643
0.12664104
0.12778045
0.12892325
0.13006985
0.1312198
0.13237402
0.1335316
0.13469268
0.13585658
0.13702399
0.13819467
0.13936907
0.14054513
0.14172493
0.14290762
0.14409234
0.14528053
0.14647096
0.14766344
0.14885876
0.15005586
0.1512555
0.15245706
0.15366045
0.15486568
0.1560721
0.15728092
0.15849069
0.15970227
0.16091448
0.16212831
0.16334368
0.16455871
0.16577542
0.16699255
0.16821016
0.16942854
0.17064716
0.17186609
0.17308512
0.17430349
0.17552221
0.1767409
0.17795855
0.17917621
0.18039316
0.1816093
0.18282379
0.18403862
0.18525207
0.18646322
0.18767372
0.18888223
0.1900889
0.19129424
0.1924976
0.19369796
0.19489738
0.19609427
0.1972882
0.1984792
0.19966811
0.20085397
0.20203644
0.20321551
0.20439218
0.20556442
0.2067335
0.20789959
0.20906052
0.21021813
0.2113715
0.21251969
0.21366479
0.21480474
0.21593983
0.21707039
0.21819563
0.21931581
0.22043128
0.22154053
0.22264399
0.22374278
0.22483483
0.22592139
0.22700118
0.2280757
0.22914277
0.23020385
0.23125805
0.23230481
0.23334605
0.23437954
0.23540598
0.23642455
0.2374362
0.23843849
0.23943439
0.24042326
0.24140227
0.2423743
0.24333726
0.24429266
0.24523821
0.24617618
0.2471049
0.2480245
0.24893548
0.249836
0.2507283
0.2516106
0.25248307
0.25334597
0.25419942
0.25504312
0.2558761
0.25669885
0.25751114
0.2583135
0.25910467
0.25988457
0.26065558
0.26141447
0.2621621
0.26289928
0.26362422
0.264339
0.26504156
0.2657319
0.26641175
0.26707992
0.26773557
0.2683787
0.2690106
0.26963037
0.27023795
0.27083257
0.271415
0.27198464
0.27254263
0.27308714
0.27361852
0.2741381
0.2746435
0.27513662
0.27561727
0.276083
0.27653667
0.27697667
0.27740365
0.27781692
0.27821678
0.27860248
0.27897567
0.27933413
0.27967855
0.28001
0.28032777
0.2806311
0.28092
0.2811961
0.28145725
0.2817046
0.28193787
0.28215653
0.28236118
0.28255227
0.2827281
0.28288987
0.28303763
0.28317085
0.28328997
0.283394
0.28348434
0.28355956
0.28362098
0.2836675
0.28369975
0.2837178
0.2837207
0.28370923
0.28368434
0.28364366
0.28358936
0.28352013
0.2834367
0.2833383
0.28322542
0.28309897
0.28295797
0.28280208
0.28263208
0.2824475
0.28224838
0.28203523
0.2818082
0.28156832
0.28131172
0.28104082
0.2807579
0.2804597
0.28014752
0.27982202
0.27948233
0.27912855
0.2787606
0.27837908
0.27798474
0.2775751
0.277154
0.27671775
0.27626857
0.27580604
0.2753304
0.27484095
0.27433854
0.27382383
0.27329528
0.27275318
0.27219856
0.27163145
0.2710519
0.2704592
0.269854
0.26923743
0.2686076
0.2679655
0.26731062
0.26664487
0.2659668
0.26527745
0.26457527
0.2638617
0.2631368
0.26240078
0.2616525
0.26089346
0.26012343
0.2593426
0.25854966
0.2577476
0.25693443
0.25610968
0.25527537
0.25443077
0.2535757
0.25271052
0.2518358
0.25095153
0.25005654
0.24915253
0.24823885
0.24731608
0.24638471
0.24544345
0.24449386
0.24353492
0.24256732
0.2415919
0.24060741
0.23961462
0.23861396
0.23760584
0.23658937
0.23556511
0.2345339
0.23349477
0.2324483
0.23139502
0.23033474
0.2292676
0.2281932
0.22711238
0.22602579
0.22493291
0.22383331
0.22272825
0.22161703
0.22049989
0.21937731
0.21824917
0.21711577
0.2159782
0.21483499
0.21368608
0.21253394
0.21137679
0.21021481
0.20904924
0.20787871
0.20670423
0.20552698
0.20434478
0.20315976
0.20197156
0.20077996
0.19958514
0.19838743
0.19718608
0.1959831
0.1947774
0.19356905
0.19235791
0.19114582
0.18993077
0.18871544
0.18749641
0.18627636
0.18505543
0.18383291
0.1826088
0.181385
0.18015866
0.17893228
0.17770527
0.17647766
0.1752498
0.17402208
0.17279375
0.17156583
0.17033744
0.16910958
0.167882
0.16665494
0.16542882
0.16420345
0.16297883
0.16175534
0.16053237
0.15931101
0.15809105
0.15687239
0.15565622
0.15444025
0.15322715
0.15201582
0.15080594
0.14959867
0.14839345
0.14719087
0.14599018
0.14479284
0.14359699
0.1424046
0.14121528
0.14002891
0.1388449
0.13766484
0.13648735
0.1353134
0.13414305
0.13297595
0.13181287
0.1306529
0.1294971
0.12834519
0.12719661
0.12605253
0.12491252
0.123776466
0.122645184
0.121517725
0.120395474
0.11927644
0.11816274
0.117053516
0.11594886
0.11484893
0.113754176
0.11266382
0.11157871
0.110498674
0.10942334
0.10835361
0.10728869
0.10622914
0.10517499
0.10412611
0.10308265
0.102044515
0.10101203
0.09998514
0.09896374
0.0979479
0.096937805
0.09593392
0.09493491
0.09394248
0.092955545
0.09197457
0.09099964
0.09003049
0.089067124
0.088110276
0.0871589
0.08621413
0.08527506
0.084342636
0.083415635
0.082495496
0.08158136
0.08067335
0.07977184
0.07887652
0.07798722
0.0771043
0.076227695
0.07535735
0.07449361
0.073636174
0.072785094
0.071940094
0.07110199
0.070270315
0.06944461
0.06862554
0.06781285
0.06700647
0.06620663
0.065413125
0.06462612
0.06384569
0.063071236
0.062303487
0.06154214
0.060787186
0.06003873
0.05929678
0.058560956
0.057831567
0.057108697
0.056392077
0.055681776
0.054977827
0.054280326
0.053589027
0.05290409
0.05222541
0.051552985
0.050886907
0.050227102
0.049573235
0.04892602
0.04828471
0.04764958
0.047020584
0.046397712
0.045781042
0.04517042
0.04456575
0.04396721
0.043374747
0.042788167
0.042207446
0.041632786
0.041064147
0.040501337
0.039944313
0.03939319
0.038847696
0.038308095
0.03777422
0.037246015
0.03672363
0.036206823
0.035695635
0.03519001
0.034689926
0.034195397
0.03370634
0.03322274
0.032744557
0.032271843
0.03180439
0.03134234
0.030885583
0.030433992
0.029987754
0.029546559
0.029110648
0.028679788
0.028254041
0.027833277
0.02741761
0.027006788
0.026600964
0.026200099
0.025804114
0.025412796
0.025026403
0.02464469
0.024267761
0.023895433
0.023527784
0.023164675
0.022806222
0.022452239
0.022102753
0.021757698
0.021417107
0.021080885
0.020748967
0.020421391
0.02009801
0.019778937
0.019464012
0.019153193
0.018846484
0.018543905
0.018245338
0.017950725
0.017660083
0.017373405
0.017090553
0.01681164
0.01653644
0.01626506
0.015997395
0.015733423
0.015473077
0.01521642
0.014963275
0.014713718
0.014467705
0.0142250955
0.01398597
0.013750237
0.013517871
0.013288841
0.013063086
0.01284064
0.012621352
0.0124053
0.012192345
0.011982536
0.01177581
0.011572159
0.011371506
0.011173781
0.01097904
0.010787216
0.010598276
0.0104121575
0.0102288425
0.010048351
0.009870552
0.009695468
0.009523106
0.009353376
0.009186245
0.009021715
0.008859711
0.008700258
0.008543279
0.008388744
0.008236659
0.008086955
0.0079396255
0.00779461
0.00765193
0.00751152
0.007373371
0.0072374074
0.007103651
0.006972035
0.006842561
0.0067152143
0.006589941
0.0064667077
0.00634549
0.0062262584
0.006109033
0.00599372
0.0058803232
0.005768808
0.005659164
0.0055513396
0.0054453635
0.005341167
0.0052387086
0.0051379874
0.005038979
0.0049416567
0.004846027
0.004752011
0.0046596173
0.0045688124
0.0044795857
0.0043919007
0.0043057348
0.004221083
0.0041378974
0.004056195
0.0039759004
0.0038970292
0.003819562
0.0037434616
0.0036687176
0.0035952989
0.0035231926
0.0034523807
0.00338285
0.0033145593
0.0032475113
0.0031816682
0.003117034
0.0030535732
0.0029912766
0.0029301113
0.0028700598
0.0028111364
0.0027532815
0.0026965006
0.0026407675
0.0025860856
0.0025324146
0.0024797497
0.002428075
0.0023773587
0.0023276142
0.0022787987
0.0022309083
0.0021839282
0.0021378433
0.002092637
0.002048293
0.002004799
0.0019621507
0.001920312
0.0018792844
0.0018390516
0.0017995992
0.0017609184
0.0017229872
0.0016857999
0.0016493414
0.0016136012
0.0015785615
0.0015442163
0.0015105486
0.0014775486
0.0014452112
0.0014135119
0.0013824435
0.0013520055
0.0013221727
0.0012929426
0.0012643037
0.0012362376
0.0012087469
0.0011818112
0.001155426
0.0011295768
0.0011042582
0.0010794553
0.0010551661
0.0010313753
0.0010080762
9.852592E-4
9.6291443E-4
9.410357E-4
9.1961236E-4
8.986342E-4
8.780984E-4
8.5799186E-4
8.383073E-4
8.1903755E-4
8.0017664E-4
7.817129E-4
7.6364155E-4
7.459533E-4
7.2864105E-4
7.117026E-4
6.951224E-4
6.7890063E-4
6.630249E-4
6.474921E-4
6.322949E-4
6.174265E-4
6.028811E-4
